Build started 4/23/2012 6:13:01 PM.
     1>Project "C:\Users\gabe\Documents\My Dropbox\Rutgers\Capstone\Code\Juce Projects\additiveSynth\Builds\VisualStudio2010\additiveSynth.vcxproj" on node 2 (build target(s)).
     1>InitializeBuildStatus:
         Touching ".\Release\additiveSynth.unsuccessfulbuild".
       ClCompile:
         C:\Program Files (x86)\Microsoft Visual Studio 10.0\VC\bin\CL.exe /c /I..\..\JuceLibraryCode /Ic:\SDKs\vstsdk2.4 /I"c:\SDKs\stk-4.4.3\include" /Zi /nologo /W4 /WX- /MP /O2 /Oy- /GL /D WIN32 /D _WINDOWS /D NDEBUG /D __LITTLE_ENDIAN__ /D _USE_MATH_DEFINES /D JUCER_VS2010_78A501D=1 /D _WINDLL /D _MBCS /Gm- /EHsc /MT /GS /fp:precise /Zc:wchar_t /Zc:forScope /GR /Fo".\Release\\" /Fd".\Release\vc100.pdb" /Gd /TP /analyze- /errorReport:prompt "..\..\..\..\..\..\..\..\..\..\..\SDKs\stk-4.4.3\src\ADSR.cpp" "..\..\..\..\..\..\..\..\..\..\..\SDKs\stk-4.4.3\src\Blit.cpp" "..\..\..\..\..\..\..\..\..\..\..\SDKs\stk-4.4.3\src\BlitSaw.cpp" "..\..\..\..\..\..\..\..\..\..\..\SDKs\stk-4.4.3\src\BlitSquare.cpp" "..\..\..\..\..\..\..\..\..\..\..\SDKs\stk-4.4.3\src\Delay.cpp" "..\..\..\..\..\..\..\..\..\..\..\SDKs\stk-4.4.3\src\DelayA.cpp" "..\..\..\..\..\..\..\..\..\..\..\SDKs\stk-4.4.3\src\DelayL.cpp" "..\..\..\..\..\..\..\..\..\..\..\SDKs\stk-4.4.3\src\Iir.cpp" "..\..\..\..\..\..\..\..\..\..\..\SDKs\stk-4.4.3\src\Modulate.cpp" "..\..\..\..\..\..\..\..\..\..\..\SDKs\stk-4.4.3\src\Noise.cpp" "..\..\..\..\..\..\..\..\..\..\..\SDKs\stk-4.4.3\src\OnePole.cpp" "..\..\..\..\..\..\..\..\..\..\..\SDKs\stk-4.4.3\src\SineWave.cpp" "..\..\..\..\..\..\..\..\..\..\..\SDKs\stk-4.4.3\src\Stk.cpp" ..\..\Source\additiveSynth.cpp ..\..\Source\additiveSynthFilter.cpp ..\..\Source\additiveSynthOscillator.cpp ..\..\Source\PluginProcessor.cpp ..\..\Source\PluginEditor.cpp ..\..\JuceLibraryCode\modules\juce_audio_basics\juce_audio_basics.cpp ..\..\JuceLibraryCode\modules\juce_audio_devices\juce_audio_devices.cpp ..\..\JuceLibraryCode\modules\juce_audio_formats\juce_audio_formats.cpp ..\..\JuceLibraryCode\modules\juce_audio_processors\juce_audio_processors.cpp ..\..\JuceLibraryCode\modules\juce_audio_utils\juce_audio_utils.cpp ..\..\JuceLibraryCode\modules\juce_core\juce_core.cpp ..\..\JuceLibraryCode\modules\juce_cryptography\juce_cryptography.cpp ..\..\JuceLibraryCode\modules\juce_data_structures\juce_data_structures.cpp ..\..\JuceLibraryCode\modules\juce_events\juce_events.cpp ..\..\JuceLibraryCode\modules\juce_graphics\juce_graphics.cpp ..\..\JuceLibraryCode\modules\juce_gui_basics\juce_gui_basics.cpp ..\..\JuceLibraryCode\modules\juce_gui_extra\juce_gui_extra.cpp ..\..\JuceLibraryCode\modules\juce_opengl\juce_opengl.cpp ..\..\JuceLibraryCode\modules\juce_video\juce_video.cpp ..\..\JuceLibraryCode\modules\juce_audio_plugin_client\VST\juce_VST_Wrapper.cpp
         ADSR.cpp
         Blit.cpp
         BlitSaw.cpp
         BlitSquare.cpp
         Delay.cpp
         DelayA.cpp
         DelayL.cpp
         Iir.cpp
         Modulate.cpp
         Noise.cpp
         OnePole.cpp
         SineWave.cpp
         Stk.cpp
         additiveSynth.cpp
         additiveSynthFilter.cpp
         additiveSynthOscillator.cpp
     1>..\..\..\..\..\..\..\..\..\..\..\SDKs\stk-4.4.3\src\Stk.cpp(90): warning C4100: 'oldRate' : unreferenced formal parameter
     1>..\..\..\..\..\..\..\..\..\..\..\SDKs\stk-4.4.3\src\Stk.cpp(90): warning C4100: 'newRate' : unreferenced formal parameter
     1>..\..\..\..\..\..\..\..\..\..\..\SDKs\stk-4.4.3\src\Stk.cpp(185): warning C4100: 'milliseconds' : unreferenced formal parameter
         PluginProcessor.cpp
     1>..\..\Source\additiveSynth.cpp(105): warning C4244: 'argument' : conversion from 'float' to 'int', possible loss of data
     1>..\..\Source\additiveSynth.cpp(105): warning C4244: 'argument' : conversion from 'double' to 'float', possible loss of data
     1>..\..\Source\additiveSynth.cpp(105): warning C4244: 'argument' : conversion from 'float' to 'int', possible loss of data
     1>..\..\Source\additiveSynth.cpp(105): warning C4244: 'argument' : conversion from 'double' to 'float', possible loss of data
     1>..\..\Source\additiveSynth.cpp(106): warning C4244: 'argument' : conversion from 'float' to 'int', possible loss of data
     1>..\..\Source\additiveSynth.cpp(106): warning C4244: 'argument' : conversion from 'double' to 'float', possible loss of data
     1>..\..\Source\additiveSynth.cpp(106): warning C4244: 'argument' : conversion from 'float' to 'int', possible loss of data
     1>..\..\Source\additiveSynth.cpp(106): warning C4244: 'argument' : conversion from 'double' to 'float', possible loss of data
     1>..\..\Source\additiveSynth.cpp(107): warning C4244: 'argument' : conversion from 'float' to 'int', possible loss of data
     1>..\..\Source\additiveSynth.cpp(107): warning C4244: 'argument' : conversion from 'double' to 'float', possible loss of data
     1>..\..\Source\additiveSynth.cpp(107): warning C4244: 'argument' : conversion from 'float' to 'int', possible loss of data
     1>..\..\Source\additiveSynth.cpp(107): warning C4244: 'argument' : conversion from 'double' to 'float', possible loss of data
     1>..\..\Source\additiveSynth.cpp(113): warning C4100: 'allowTailOff' : unreferenced formal parameter
     1>..\..\Source\additiveSynth.cpp(126): warning C4100: 'newValue' : unreferenced formal parameter
     1>..\..\Source\additiveSynth.cpp(126): warning C4100: 'index' : unreferenced formal parameter
     1>..\..\Source\additiveSynth.cpp(134): warning C4244: 'argument' : conversion from 'float' to 'int', possible loss of data
     1>..\..\Source\additiveSynth.cpp(134): warning C4244: 'argument' : conversion from 'double' to 'float', possible loss of data
     1>..\..\Source\additiveSynth.cpp(134): warning C4244: 'argument' : conversion from 'float' to 'int', possible loss of data
     1>..\..\Source\additiveSynth.cpp(135): warning C4244: 'argument' : conversion from 'float' to 'int', possible loss of data
     1>..\..\Source\additiveSynth.cpp(135): warning C4244: 'argument' : conversion from 'double' to 'float', possible loss of data
     1>..\..\Source\additiveSynth.cpp(135): warning C4244: 'argument' : conversion from 'float' to 'int', possible loss of data
     1>..\..\Source\additiveSynth.cpp(136): warning C4244: 'argument' : conversion from 'float' to 'int', possible loss of data
     1>..\..\Source\additiveSynth.cpp(136): warning C4244: 'argument' : conversion from 'double' to 'float', possible loss of data
     1>..\..\Source\additiveSynth.cpp(136): warning C4244: 'argument' : conversion from 'float' to 'int', possible loss of data
     1>..\..\Source\additiveSynthFilter.cpp(25): warning C4305: '=' : truncation from 'double' to 'float'
     1>..\..\Source\additiveSynthFilter.cpp(27): warning C4244: '=' : conversion from 'const stk::StkFloat' to 'float', possible loss of data
     1>..\..\Source\additiveSynthFilter.cpp(68): warning C4244: '=' : conversion from 'const stk::StkFloat' to 'float', possible loss of data
     1>..\..\Source\additiveSynthFilter.cpp(123): warning C4244: '=' : conversion from 'const stk::StkFloat' to 'float', possible loss of data
     1>..\..\Source\additiveSynthFilter.cpp(129): warning C4244: '=' : conversion from 'const stk::StkFloat' to 'float', possible loss of data
     1>..\..\Source\additiveSynthFilter.cpp(131): warning C4244: '=' : conversion from 'const stk::StkFloat' to 'float', possible loss of data
     1>..\..\Source\additiveSynthFilter.cpp(140): warning C4244: '=' : conversion from 'double' to 'float', possible loss of data
         PluginEditor.cpp
     1>..\..\Source\additiveSynthOscillator.cpp(72): warning C4244: '=' : conversion from 'stk::StkFloat' to 'float', possible loss of data
     1>..\..\Source\additiveSynthOscillator.cpp(97): warning C4244: 'return' : conversion from 'stk::StkFloat' to 'float', possible loss of data
     1>..\..\Source\PluginProcessor.cpp(267): warning C4100: 'index' : unreferenced formal parameter
     1>..\..\Source\PluginProcessor.cpp(272): warning C4100: 'index' : unreferenced formal parameter
     1>..\..\Source\PluginProcessor.cpp(305): warning C4100: 'index' : unreferenced formal parameter
     1>..\..\Source\PluginProcessor.cpp(309): warning C4100: 'index' : unreferenced formal parameter
     1>..\..\Source\PluginProcessor.cpp(314): warning C4100: 'newName' : unreferenced formal parameter
     1>..\..\Source\PluginProcessor.cpp(314): warning C4100: 'index' : unreferenced formal parameter
     1>..\..\Source\PluginProcessor.cpp(326): warning C4244: 'argument' : conversion from 'float' to 'int', possible loss of data
     1>..\..\Source\PluginProcessor.cpp(319): warning C4100: 'samplesPerBlock' : unreferenced formal parameter
     1>..\..\Source\PluginProcessor.cpp(345): warning C4244: 'argument' : conversion from 'float' to 'int', possible loss of data
     1>..\..\Source\PluginProcessor.cpp(420): warning C4100: 'destData' : unreferenced formal parameter
     1>..\..\Source\PluginProcessor.cpp(427): warning C4100: 'sizeInBytes' : unreferenced formal parameter
     1>..\..\Source\PluginProcessor.cpp(427): warning C4100: 'data' : unreferenced formal parameter
         juce_audio_basics.cpp
         juce_audio_devices.cpp
         juce_audio_formats.cpp
         juce_audio_processors.cpp
     1>..\..\Source\PluginEditor.cpp(726): warning C4244: 'argument' : conversion from 'float' to 'int', possible loss of data
     1>..\..\Source\PluginEditor.cpp(727): warning C4244: 'argument' : conversion from 'float' to 'int', possible loss of data
     1>..\..\Source\PluginEditor.cpp(728): warning C4244: 'argument' : conversion from 'float' to 'int', possible loss of data
     1>..\..\Source\PluginEditor.cpp(730): warning C4244: 'argument' : conversion from 'float' to 'int', possible loss of data
     1>..\..\Source\PluginEditor.cpp(731): warning C4244: 'argument' : conversion from 'float' to 'int', possible loss of data
     1>..\..\Source\PluginEditor.cpp(732): warning C4244: 'argument' : conversion from 'float' to 'int', possible loss of data
     1>..\..\Source\PluginEditor.cpp(745): warning C4244: 'argument' : conversion from 'float' to 'int', possible loss of data
     1>..\..\Source\PluginEditor.cpp(746): warning C4244: 'argument' : conversion from 'float' to 'int', possible loss of data
     1>..\..\Source\PluginEditor.cpp(750): warning C4244: 'argument' : conversion from 'float' to 'int', possible loss of data
     1>..\..\Source\PluginEditor.cpp(1016): warning C4244: 'argument' : conversion from 'double' to 'float', possible loss of data
         juce_audio_utils.cpp
         juce_core.cpp
         juce_cryptography.cpp
         juce_data_structures.cpp
         juce_events.cpp
         juce_graphics.cpp
         juce_gui_basics.cpp
         juce_gui_extra.cpp
         juce_opengl.cpp
         juce_video.cpp
         juce_VST_Wrapper.cpp
         C:\Program Files (x86)\Microsoft Visual Studio 10.0\VC\bin\CL.exe /c /I..\..\JuceLibraryCode /Ic:\SDKs\vstsdk2.4 /I"c:\SDKs\stk-4.4.3\include" /Zi /nologo /W4 /WX- /MP /O2 /Oy- /GL /D WIN32 /D _WINDOWS /D NDEBUG /D __LITTLE_ENDIAN__ /D _USE_MATH_DEFINES /D JUCER_VS2010_78A501D=1 /D _WINDLL /D _MBCS /Gm- /EHsc /MT /GS /fp:precise /Zc:wchar_t /Zc:forScope /GR /Fo".\Release\\" /Fd".\Release\vc100.pdb" /Gz /TP /analyze- /errorReport:prompt ..\..\JuceLibraryCode\modules\juce_audio_plugin_client\RTAS\juce_RTAS_DigiCode1.cpp ..\..\JuceLibraryCode\modules\juce_audio_plugin_client\RTAS\juce_RTAS_DigiCode2.cpp ..\..\JuceLibraryCode\modules\juce_audio_plugin_client\RTAS\juce_RTAS_DigiCode3.cpp ..\..\JuceLibraryCode\modules\juce_audio_plugin_client\RTAS\juce_RTAS_WinUtilities.cpp ..\..\JuceLibraryCode\modules\juce_audio_plugin_client\RTAS\juce_RTAS_Wrapper.cpp
         juce_RTAS_DigiCode1.cpp
         juce_RTAS_DigiCode2.cpp
         juce_RTAS_DigiCode3.cpp
         juce_RTAS_WinUtilities.cpp
         juce_RTAS_Wrapper.cpp
       ResourceCompile:
         C:\Program Files (x86)\Microsoft SDKs\Windows\v7.0A\bin\rc.exe /D NDEBUG /l"0x0409" /nologo /fo".\Release\resources.res" .\resources.rc 
       Link:
         C:\Program Files (x86)\Microsoft Visual Studio 10.0\VC\bin\link.exe /ERRORREPORT:PROMPT /OUT:".\Release\additiveSynth.dll" /NOLOGO kernel32.lib user32.lib gdi32.lib winspool.lib comdlg32.lib advapi32.lib shell32.lib ole32.lib oleaut32.lib uuid.lib odbc32.lib odbccp32.lib /MANIFEST /ManifestFile:".\Release\additiveSynth.dll.intermediate.manifest" /MANIFESTUAC:"level='asInvoker' uiAccess='false'" /PDB:".\Release\additiveSynth.pdb" /SUBSYSTEM:WINDOWS /OPT:REF /OPT:ICF /LTCG /TLBID:1 /DYNAMICBASE /NXCOMPAT /IMPLIB:".\Release\additiveSynth.lib" /MACHINE:X86 /DLL .\Release\resources.res
         .\Release\ADSR.obj
         .\Release\Blit.obj
         .\Release\BlitSaw.obj
         .\Release\BlitSquare.obj
         .\Release\Delay.obj
         .\Release\DelayA.obj
         .\Release\DelayL.obj
         .\Release\Iir.obj
         .\Release\Modulate.obj
         .\Release\Noise.obj
         .\Release\OnePole.obj
         .\Release\SineWave.obj
         .\Release\Stk.obj
         .\Release\additiveSynth.obj
         .\Release\additiveSynthFilter.obj
         .\Release\additiveSynthOscillator.obj
         .\Release\PluginProcessor.obj
         .\Release\PluginEditor.obj
         .\Release\juce_audio_basics.obj
         .\Release\juce_audio_devices.obj
         .\Release\juce_audio_formats.obj
         .\Release\juce_audio_processors.obj
         .\Release\juce_audio_utils.obj
         .\Release\juce_core.obj
         .\Release\juce_cryptography.obj
         .\Release\juce_data_structures.obj
         .\Release\juce_events.obj
         .\Release\juce_graphics.obj
         .\Release\juce_gui_basics.obj
         .\Release\juce_gui_extra.obj
         .\Release\juce_opengl.obj
         .\Release\juce_RTAS_DigiCode1.obj
         .\Release\juce_RTAS_DigiCode2.obj
         .\Release\juce_RTAS_DigiCode3.obj
         .\Release\juce_RTAS_WinUtilities.obj
         .\Release\juce_RTAS_Wrapper.obj
         .\Release\juce_video.obj
         .\Release\juce_VST_Wrapper.obj
            Creating library .\Release\additiveSynth.lib and object .\Release\additiveSynth.exp
         Generating code
     1>c:\users\gabe\documents\my dropbox\rutgers\capstone\code\juce projects\additivesynth\jucelibrarycode\modules\juce_gui_basics\positioning\juce_relativerectangle.cpp(129): warning C4702: unreachable code
     1>c:\users\gabe\documents\my dropbox\rutgers\capstone\code\juce projects\additivesynth\jucelibrarycode\modules\juce_gui_basics\positioning\juce_relativecoordinatepositioner.cpp(131): warning C4702: unreachable code
     1>c:\users\gabe\documents\my dropbox\rutgers\capstone\code\juce projects\additivesynth\jucelibrarycode\modules\juce_gui_basics\positioning\juce_relativecoordinatepositioner.cpp(47): warning C4702: unreachable code
         Finished generating code
         additiveSynth.vcxproj -> C:\Users\gabe\Documents\My Dropbox\Rutgers\Capstone\Code\Juce Projects\additiveSynth\Builds\VisualStudio2010\.\Release\additiveSynth.dll
       Manifest:
         C:\Program Files (x86)\Microsoft SDKs\Windows\v7.0A\bin\mt.exe /nologo /verbose /outputresource:".\Release\additiveSynth.dll;#2" /manifest .\Release\additiveSynth.dll.intermediate.manifest
       FinalizeBuildStatus:
         Deleting file ".\Release\additiveSynth.unsuccessfulbuild".
         Touching ".\Release\additiveSynth.lastbuildstate".
     1>Done Building Project "C:\Users\gabe\Documents\My Dropbox\Rutgers\Capstone\Code\Juce Projects\additiveSynth\Builds\VisualStudio2010\additiveSynth.vcxproj" (build target(s)).

Build succeeded.

Time Elapsed 00:01:06.14
