Build started 4/1/2012 1:12:16 PM.
     1>Project "C:\Users\gabe\Documents\My Dropbox\Rutgers\Capstone\Code\Juce Projects\additiveSynth\Builds\VisualStudio2010\additiveSynth.vcxproj" on node 2 (build target(s)).
     1>InitializeBuildStatus:
         Creating ".\Debug\additiveSynth.unsuccessfulbuild" because "AlwaysCreate" was specified.
       ClCompile:
         C:\Program Files (x86)\Microsoft Visual Studio 10.0\VC\bin\CL.exe /c /I..\..\JuceLibraryCode /Ic:\SDKs\vstsdk2.4 /I"c:\SDKs\stk-4.4.3\src" /I"c:\SDKs\stk-4.4.3\include" /ZI /nologo /W4 /WX- /MP /Od /Oy- /D WIN32 /D _WINDOWS /D DEBUG /D _DEBUG /D __LITTLE_ENDIAN__ /D _USE_MATH_DEFINES /D JUCER_VS2010_78A501D=1 /D _WINDLL /D _MBCS /Gm- /EHsc /MTd /GS /fp:precise /Zc:wchar_t /Zc:forScope /GR /Fo"C:\Users\gabe\Documents\Visual Studio 2010\Projects\Juce Projects\additiveSynth\Debug\\" /Fd"C:\Users\gabe\Documents\Visual Studio 2010\Projects\Juce Projects\additiveSynth\Debug\vc100.pdb" /Gd /TP /analyze- /errorReport:prompt "..\..\..\..\..\..\..\..\..\..\..\SDKs\stk-4.4.3\src\ADSR.cpp" "..\..\..\..\..\..\..\..\..\..\..\SDKs\stk-4.4.3\src\Blit.cpp" "..\..\..\..\..\..\..\..\..\..\..\SDKs\stk-4.4.3\src\BlitSaw.cpp" "..\..\..\..\..\..\..\..\..\..\..\SDKs\stk-4.4.3\src\BlitSquare.cpp" "..\..\..\..\..\..\..\..\..\..\..\SDKs\stk-4.4.3\src\Delay.cpp" "..\..\..\..\..\..\..\..\..\..\..\SDKs\stk-4.4.3\src\Iir.cpp" "..\..\..\..\..\..\..\..\..\..\..\SDKs\stk-4.4.3\src\Noise.cpp" "..\..\..\..\..\..\..\..\..\..\..\SDKs\stk-4.4.3\src\SineWave.cpp" "..\..\..\..\..\..\..\..\..\..\..\SDKs\stk-4.4.3\src\Stk.cpp" ..\..\Source\additiveSynth.cpp ..\..\Source\PluginProcessor.cpp ..\..\Source\PluginEditor.cpp ..\..\JuceLibraryCode\modules\juce_audio_basics\juce_audio_basics.cpp ..\..\JuceLibraryCode\modules\juce_audio_devices\juce_audio_devices.cpp ..\..\JuceLibraryCode\modules\juce_audio_formats\juce_audio_formats.cpp ..\..\JuceLibraryCode\modules\juce_audio_processors\juce_audio_processors.cpp ..\..\JuceLibraryCode\modules\juce_audio_utils\juce_audio_utils.cpp ..\..\JuceLibraryCode\modules\juce_core\juce_core.cpp ..\..\JuceLibraryCode\modules\juce_cryptography\juce_cryptography.cpp ..\..\JuceLibraryCode\modules\juce_data_structures\juce_data_structures.cpp ..\..\JuceLibraryCode\modules\juce_events\juce_events.cpp ..\..\JuceLibraryCode\modules\juce_graphics\juce_graphics.cpp ..\..\JuceLibraryCode\modules\juce_gui_basics\juce_gui_basics.cpp ..\..\JuceLibraryCode\modules\juce_gui_extra\juce_gui_extra.cpp ..\..\JuceLibraryCode\modules\juce_opengl\juce_opengl.cpp ..\..\JuceLibraryCode\modules\juce_video\juce_video.cpp ..\..\JuceLibraryCode\modules\juce_audio_plugin_client\VST\juce_VST_Wrapper.cpp
         ADSR.cpp
         Blit.cpp
         BlitSaw.cpp
         BlitSquare.cpp
         Delay.cpp
         Iir.cpp
         Noise.cpp
         SineWave.cpp
         Stk.cpp
         additiveSynth.cpp
         PluginProcessor.cpp
         PluginEditor.cpp
     1>c:\sdks\stk-4.4.3\src\stk.cpp(90): warning C4100: 'oldRate' : unreferenced formal parameter
     1>c:\sdks\stk-4.4.3\src\stk.cpp(90): warning C4100: 'newRate' : unreferenced formal parameter
     1>c:\sdks\stk-4.4.3\src\stk.cpp(185): warning C4100: 'milliseconds' : unreferenced formal parameter
         juce_audio_basics.cpp
     1>c:\users\gabe\documents\my dropbox\rutgers\capstone\code\juce projects\additivesynth\source\pluginprocessor.cpp(84): warning C4100: 'index' : unreferenced formal parameter
     1>c:\users\gabe\documents\my dropbox\rutgers\capstone\code\juce projects\additivesynth\source\pluginprocessor.cpp(89): warning C4100: 'index' : unreferenced formal parameter
     1>c:\users\gabe\documents\my dropbox\rutgers\capstone\code\juce projects\additivesynth\source\pluginprocessor.cpp(122): warning C4100: 'index' : unreferenced formal parameter
     1>c:\users\gabe\documents\my dropbox\rutgers\capstone\code\juce projects\additivesynth\source\pluginprocessor.cpp(126): warning C4100: 'index' : unreferenced formal parameter
     1>c:\users\gabe\documents\my dropbox\rutgers\capstone\code\juce projects\additivesynth\source\pluginprocessor.cpp(131): warning C4100: 'newName' : unreferenced formal parameter
     1>c:\users\gabe\documents\my dropbox\rutgers\capstone\code\juce projects\additivesynth\source\pluginprocessor.cpp(131): warning C4100: 'index' : unreferenced formal parameter
     1>c:\users\gabe\documents\my dropbox\rutgers\capstone\code\juce projects\additivesynth\source\pluginprocessor.cpp(136): warning C4100: 'samplesPerBlock' : unreferenced formal parameter
     1>c:\users\gabe\documents\my dropbox\rutgers\capstone\code\juce projects\additivesynth\source\pluginprocessor.cpp(136): warning C4100: 'sampleRate' : unreferenced formal parameter
     1>c:\users\gabe\documents\my dropbox\rutgers\capstone\code\juce projects\additivesynth\source\pluginprocessor.cpp(148): warning C4100: 'midiMessages' : unreferenced formal parameter
     1>c:\users\gabe\documents\my dropbox\rutgers\capstone\code\juce projects\additivesynth\source\pluginprocessor.cpp(154): warning C4189: 'channelData' : local variable is initialized but not referenced
     1>c:\users\gabe\documents\my dropbox\rutgers\capstone\code\juce projects\additivesynth\source\pluginprocessor.cpp(180): warning C4100: 'destData' : unreferenced formal parameter
     1>c:\users\gabe\documents\my dropbox\rutgers\capstone\code\juce projects\additivesynth\source\pluginprocessor.cpp(187): warning C4100: 'sizeInBytes' : unreferenced formal parameter
     1>c:\users\gabe\documents\my dropbox\rutgers\capstone\code\juce projects\additivesynth\source\pluginprocessor.cpp(187): warning C4100: 'data' : unreferenced formal parameter
     1>c:\users\gabe\documents\my dropbox\rutgers\capstone\code\juce projects\additivesynth\source\additivesynth.cpp(44): warning C4100: 'velocity' : unreferenced formal parameter
     1>c:\users\gabe\documents\my dropbox\rutgers\capstone\code\juce projects\additivesynth\source\additivesynth.cpp(62): warning C4100: 'allowTailOff' : unreferenced formal parameter
     1>c:\users\gabe\documents\my dropbox\rutgers\capstone\code\juce projects\additivesynth\source\additivesynth.cpp(78): warning C4100: 'numSamples' : unreferenced formal parameter
     1>c:\users\gabe\documents\my dropbox\rutgers\capstone\code\juce projects\additivesynth\source\additivesynth.cpp(78): warning C4100: 'startSample' : unreferenced formal parameter
     1>c:\users\gabe\documents\my dropbox\rutgers\capstone\code\juce projects\additivesynth\source\additivesynth.cpp(78): warning C4100: 'sineOutBuffer' : unreferenced formal parameter
         juce_audio_devices.cpp
         juce_audio_formats.cpp
         juce_audio_processors.cpp
         juce_audio_utils.cpp
         juce_core.cpp
         juce_cryptography.cpp
         juce_data_structures.cpp
         juce_events.cpp
         juce_graphics.cpp
         juce_gui_basics.cpp
         juce_gui_extra.cpp
         juce_opengl.cpp
         juce_video.cpp
         juce_VST_Wrapper.cpp
         C:\Program Files (x86)\Microsoft Visual Studio 10.0\VC\bin\CL.exe /c /I..\..\JuceLibraryCode /Ic:\SDKs\vstsdk2.4 /I"c:\SDKs\stk-4.4.3\src" /I"c:\SDKs\stk-4.4.3\include" /ZI /nologo /W4 /WX- /MP /Od /Oy- /D WIN32 /D _WINDOWS /D DEBUG /D _DEBUG /D __LITTLE_ENDIAN__ /D _USE_MATH_DEFINES /D JUCER_VS2010_78A501D=1 /D _WINDLL /D _MBCS /Gm- /EHsc /MTd /GS /fp:precise /Zc:wchar_t /Zc:forScope /GR /Fo"C:\Users\gabe\Documents\Visual Studio 2010\Projects\Juce Projects\additiveSynth\Debug\\" /Fd"C:\Users\gabe\Documents\Visual Studio 2010\Projects\Juce Projects\additiveSynth\Debug\vc100.pdb" /Gz /TP /analyze- /errorReport:prompt ..\..\JuceLibraryCode\modules\juce_audio_plugin_client\RTAS\juce_RTAS_DigiCode1.cpp ..\..\JuceLibraryCode\modules\juce_audio_plugin_client\RTAS\juce_RTAS_DigiCode2.cpp ..\..\JuceLibraryCode\modules\juce_audio_plugin_client\RTAS\juce_RTAS_DigiCode3.cpp ..\..\JuceLibraryCode\modules\juce_audio_plugin_client\RTAS\juce_RTAS_WinUtilities.cpp ..\..\JuceLibraryCode\modules\juce_audio_plugin_client\RTAS\juce_RTAS_Wrapper.cpp
         juce_RTAS_DigiCode1.cpp
         juce_RTAS_DigiCode2.cpp
         juce_RTAS_DigiCode3.cpp
         juce_RTAS_WinUtilities.cpp
         juce_RTAS_Wrapper.cpp
       ResourceCompile:
         C:\Program Files (x86)\Microsoft SDKs\Windows\v7.0A\bin\rc.exe /D _DEBUG /l"0x0409" /nologo /fo".\Debug\resources.res" .\resources.rc 
       Link:
         C:\Program Files (x86)\Microsoft Visual Studio 10.0\VC\bin\link.exe /ERRORREPORT:PROMPT /OUT:".\Debug\additiveSynth.dll" /NOLOGO kernel32.lib user32.lib gdi32.lib winspool.lib comdlg32.lib advapi32.lib shell32.lib ole32.lib oleaut32.lib uuid.lib odbc32.lib odbccp32.lib /NODEFAULTLIB:libcmt.lib /NODEFAULTLIB:msvcrt.lib /MANIFEST /ManifestFile:".\Debug\additiveSynth.dll.intermediate.manifest" /MANIFESTUAC:"level='asInvoker' uiAccess='false'" /DEBUG /PDB:".\Debug\additiveSynth.pdb" /SUBSYSTEM:WINDOWS /TLBID:1 /DYNAMICBASE /NXCOMPAT /IMPLIB:".\Debug\additiveSynth.lib" /MACHINE:X86 /DLL .\Debug\resources.res
         "C:\Users\gabe\Documents\Visual Studio 2010\Projects\Juce Projects\additiveSynth\Debug\ADSR.obj"
         "C:\Users\gabe\Documents\Visual Studio 2010\Projects\Juce Projects\additiveSynth\Debug\Blit.obj"
         "C:\Users\gabe\Documents\Visual Studio 2010\Projects\Juce Projects\additiveSynth\Debug\BlitSaw.obj"
         "C:\Users\gabe\Documents\Visual Studio 2010\Projects\Juce Projects\additiveSynth\Debug\BlitSquare.obj"
         "C:\Users\gabe\Documents\Visual Studio 2010\Projects\Juce Projects\additiveSynth\Debug\Delay.obj"
         "C:\Users\gabe\Documents\Visual Studio 2010\Projects\Juce Projects\additiveSynth\Debug\Iir.obj"
         "C:\Users\gabe\Documents\Visual Studio 2010\Projects\Juce Projects\additiveSynth\Debug\Noise.obj"
         "C:\Users\gabe\Documents\Visual Studio 2010\Projects\Juce Projects\additiveSynth\Debug\SineWave.obj"
         "C:\Users\gabe\Documents\Visual Studio 2010\Projects\Juce Projects\additiveSynth\Debug\Stk.obj"
         "C:\Users\gabe\Documents\Visual Studio 2010\Projects\Juce Projects\additiveSynth\Debug\additiveSynth.obj"
         "C:\Users\gabe\Documents\Visual Studio 2010\Projects\Juce Projects\additiveSynth\Debug\PluginProcessor.obj"
         "C:\Users\gabe\Documents\Visual Studio 2010\Projects\Juce Projects\additiveSynth\Debug\PluginEditor.obj"
         "C:\Users\gabe\Documents\Visual Studio 2010\Projects\Juce Projects\additiveSynth\Debug\juce_audio_basics.obj"
         "C:\Users\gabe\Documents\Visual Studio 2010\Projects\Juce Projects\additiveSynth\Debug\juce_audio_devices.obj"
         "C:\Users\gabe\Documents\Visual Studio 2010\Projects\Juce Projects\additiveSynth\Debug\juce_audio_formats.obj"
         "C:\Users\gabe\Documents\Visual Studio 2010\Projects\Juce Projects\additiveSynth\Debug\juce_audio_processors.obj"
         "C:\Users\gabe\Documents\Visual Studio 2010\Projects\Juce Projects\additiveSynth\Debug\juce_audio_utils.obj"
         "C:\Users\gabe\Documents\Visual Studio 2010\Projects\Juce Projects\additiveSynth\Debug\juce_core.obj"
         "C:\Users\gabe\Documents\Visual Studio 2010\Projects\Juce Projects\additiveSynth\Debug\juce_cryptography.obj"
         "C:\Users\gabe\Documents\Visual Studio 2010\Projects\Juce Projects\additiveSynth\Debug\juce_data_structures.obj"
         "C:\Users\gabe\Documents\Visual Studio 2010\Projects\Juce Projects\additiveSynth\Debug\juce_events.obj"
         "C:\Users\gabe\Documents\Visual Studio 2010\Projects\Juce Projects\additiveSynth\Debug\juce_graphics.obj"
         "C:\Users\gabe\Documents\Visual Studio 2010\Projects\Juce Projects\additiveSynth\Debug\juce_gui_basics.obj"
         "C:\Users\gabe\Documents\Visual Studio 2010\Projects\Juce Projects\additiveSynth\Debug\juce_gui_extra.obj"
         "C:\Users\gabe\Documents\Visual Studio 2010\Projects\Juce Projects\additiveSynth\Debug\juce_opengl.obj"
         "C:\Users\gabe\Documents\Visual Studio 2010\Projects\Juce Projects\additiveSynth\Debug\juce_RTAS_DigiCode1.obj"
         "C:\Users\gabe\Documents\Visual Studio 2010\Projects\Juce Projects\additiveSynth\Debug\juce_RTAS_DigiCode2.obj"
         "C:\Users\gabe\Documents\Visual Studio 2010\Projects\Juce Projects\additiveSynth\Debug\juce_RTAS_DigiCode3.obj"
         "C:\Users\gabe\Documents\Visual Studio 2010\Projects\Juce Projects\additiveSynth\Debug\juce_RTAS_WinUtilities.obj"
         "C:\Users\gabe\Documents\Visual Studio 2010\Projects\Juce Projects\additiveSynth\Debug\juce_RTAS_Wrapper.obj"
         "C:\Users\gabe\Documents\Visual Studio 2010\Projects\Juce Projects\additiveSynth\Debug\juce_video.obj"
         "C:\Users\gabe\Documents\Visual Studio 2010\Projects\Juce Projects\additiveSynth\Debug\juce_VST_Wrapper.obj"
            Creating library .\Debug\additiveSynth.lib and object .\Debug\additiveSynth.exp
         additiveSynth.vcxproj -> C:\Users\gabe\Documents\My Dropbox\Rutgers\Capstone\Code\Juce Projects\additiveSynth\Builds\VisualStudio2010\.\Debug\additiveSynth.dll
       Manifest:
         C:\Program Files (x86)\Microsoft SDKs\Windows\v7.0A\bin\mt.exe /nologo /verbose /outputresource:".\Debug\additiveSynth.dll;#2" /manifest .\Debug\additiveSynth.dll.intermediate.manifest
       FinalizeBuildStatus:
         Deleting file ".\Debug\additiveSynth.unsuccessfulbuild".
         Touching ".\Debug\additiveSynth.lastbuildstate".
     1>Done Building Project "C:\Users\gabe\Documents\My Dropbox\Rutgers\Capstone\Code\Juce Projects\additiveSynth\Builds\VisualStudio2010\additiveSynth.vcxproj" (build target(s)).

Build succeeded.

Time Elapsed 00:00:26.25
