.\Debug\additiveSynth.ilk
.\Debug\additiveSynth.pdb
C:\Users\gabe\Documents\My Dropbox\Rutgers\Capstone\Code\Juce Projects\additiveSynth\Builds\VisualStudio2010\.\Debug\additiveSynth.dll
C:\Users\gabe\Documents\My Dropbox\Rutgers\Capstone\Code\Juce Projects\additiveSynth\Builds\VisualStudio2010\.\Debug\additiveSynth.dll.intermediate.manifest
C:\USERS\GABE\DOCUMENTS\MY DROPBOX\RUTGERS\CAPSTONE\CODE\JUCE PROJECTS\ADDITIVESYNTH\BUILDS\VISUALSTUDIO2010\DEBUG\ADDITIVESYNTH.DLL
C:\USERS\GABE\DOCUMENTS\MY DROPBOX\RUTGERS\CAPSTONE\CODE\JUCE PROJECTS\ADDITIVESYNTH\BUILDS\VISUALSTUDIO2010\DEBUG\ADDITIVESYNTH.DLL.INTERMEDIATE.MANIFEST
C:\Users\gabe\Documents\My Dropbox\Rutgers\Capstone\Code\Juce Projects\additiveSynth\Builds\VisualStudio2010\Debug\additiveSynth.exp
C:\USERS\GABE\DOCUMENTS\MY DROPBOX\RUTGERS\CAPSTONE\CODE\JUCE PROJECTS\ADDITIVESYNTH\BUILDS\VISUALSTUDIO2010\DEBUG\ADDITIVESYNTH.ILK
C:\Users\gabe\Documents\My Dropbox\Rutgers\Capstone\Code\Juce Projects\additiveSynth\Builds\VisualStudio2010\Debug\additiveSynth.lib
C:\USERS\GABE\DOCUMENTS\MY DROPBOX\RUTGERS\CAPSTONE\CODE\JUCE PROJECTS\ADDITIVESYNTH\BUILDS\VISUALSTUDIO2010\DEBUG\ADDITIVESYNTH.PDB
C:\Users\gabe\Documents\My Dropbox\Rutgers\Capstone\Code\Juce Projects\additiveSynth\Builds\VisualStudio2010\Debug\additiveSynth.write.1.tlog
C:\Users\gabe\Documents\My Dropbox\Rutgers\Capstone\Code\Juce Projects\additiveSynth\Builds\VisualStudio2010\Debug\CL.10496.read.1.tlog
C:\Users\gabe\Documents\My Dropbox\Rutgers\Capstone\Code\Juce Projects\additiveSynth\Builds\VisualStudio2010\Debug\CL.10496.write.1.tlog
C:\Users\gabe\Documents\My Dropbox\Rutgers\Capstone\Code\Juce Projects\additiveSynth\Builds\VisualStudio2010\Debug\CL.10524.read.1.tlog
C:\Users\gabe\Documents\My Dropbox\Rutgers\Capstone\Code\Juce Projects\additiveSynth\Builds\VisualStudio2010\Debug\CL.10524.write.1.tlog
C:\Users\gabe\Documents\My Dropbox\Rutgers\Capstone\Code\Juce Projects\additiveSynth\Builds\VisualStudio2010\Debug\CL.11196.read.1.tlog
C:\Users\gabe\Documents\My Dropbox\Rutgers\Capstone\Code\Juce Projects\additiveSynth\Builds\VisualStudio2010\Debug\CL.11196.write.1.tlog
C:\Users\gabe\Documents\My Dropbox\Rutgers\Capstone\Code\Juce Projects\additiveSynth\Builds\VisualStudio2010\Debug\CL.11208.read.1.tlog
C:\Users\gabe\Documents\My Dropbox\Rutgers\Capstone\Code\Juce Projects\additiveSynth\Builds\VisualStudio2010\Debug\CL.11208.write.1.tlog
C:\Users\gabe\Documents\My Dropbox\Rutgers\Capstone\Code\Juce Projects\additiveSynth\Builds\VisualStudio2010\Debug\CL.3512.read.1.tlog
C:\Users\gabe\Documents\My Dropbox\Rutgers\Capstone\Code\Juce Projects\additiveSynth\Builds\VisualStudio2010\Debug\CL.3512.write.1.tlog
C:\Users\gabe\Documents\My Dropbox\Rutgers\Capstone\Code\Juce Projects\additiveSynth\Builds\VisualStudio2010\Debug\CL.8556.read.1.tlog
C:\Users\gabe\Documents\My Dropbox\Rutgers\Capstone\Code\Juce Projects\additiveSynth\Builds\VisualStudio2010\Debug\CL.8556.write.1.tlog
C:\Users\gabe\Documents\My Dropbox\Rutgers\Capstone\Code\Juce Projects\additiveSynth\Builds\VisualStudio2010\Debug\CL.9756.read.1.tlog
C:\Users\gabe\Documents\My Dropbox\Rutgers\Capstone\Code\Juce Projects\additiveSynth\Builds\VisualStudio2010\Debug\CL.9756.write.1.tlog
C:\Users\gabe\Documents\My Dropbox\Rutgers\Capstone\Code\Juce Projects\additiveSynth\Builds\VisualStudio2010\Debug\CL.9876.read.1.tlog
C:\Users\gabe\Documents\My Dropbox\Rutgers\Capstone\Code\Juce Projects\additiveSynth\Builds\VisualStudio2010\Debug\CL.9876.write.1.tlog
C:\Users\gabe\Documents\My Dropbox\Rutgers\Capstone\Code\Juce Projects\additiveSynth\Builds\VisualStudio2010\Debug\cl.command.1.tlog
C:\Users\gabe\Documents\My Dropbox\Rutgers\Capstone\Code\Juce Projects\additiveSynth\Builds\VisualStudio2010\Debug\CL.read.1.tlog
C:\Users\gabe\Documents\My Dropbox\Rutgers\Capstone\Code\Juce Projects\additiveSynth\Builds\VisualStudio2010\Debug\cl.write.1.tlog
C:\Users\gabe\Documents\My Dropbox\Rutgers\Capstone\Code\Juce Projects\additiveSynth\Builds\VisualStudio2010\Debug\link.command.1.tlog
C:\Users\gabe\Documents\My Dropbox\Rutgers\Capstone\Code\Juce Projects\additiveSynth\Builds\VisualStudio2010\Debug\link.read.1.tlog
C:\Users\gabe\Documents\My Dropbox\Rutgers\Capstone\Code\Juce Projects\additiveSynth\Builds\VisualStudio2010\Debug\link.write.1.tlog
C:\Users\gabe\Documents\My Dropbox\Rutgers\Capstone\Code\Juce Projects\additiveSynth\Builds\VisualStudio2010\Debug\link-cvtres.read.1.tlog
C:\Users\gabe\Documents\My Dropbox\Rutgers\Capstone\Code\Juce Projects\additiveSynth\Builds\VisualStudio2010\Debug\link-cvtres.write.1.tlog
C:\Users\gabe\Documents\My Dropbox\Rutgers\Capstone\Code\Juce Projects\additiveSynth\Builds\VisualStudio2010\Debug\mt.command.1.tlog
C:\Users\gabe\Documents\My Dropbox\Rutgers\Capstone\Code\Juce Projects\additiveSynth\Builds\VisualStudio2010\Debug\mt.read.1.tlog
C:\Users\gabe\Documents\My Dropbox\Rutgers\Capstone\Code\Juce Projects\additiveSynth\Builds\VisualStudio2010\Debug\mt.write.1.tlog
C:\Users\gabe\Documents\My Dropbox\Rutgers\Capstone\Code\Juce Projects\additiveSynth\Builds\VisualStudio2010\Debug\rc.command.1.tlog
C:\Users\gabe\Documents\My Dropbox\Rutgers\Capstone\Code\Juce Projects\additiveSynth\Builds\VisualStudio2010\Debug\rc.read.1.tlog
C:\Users\gabe\Documents\My Dropbox\Rutgers\Capstone\Code\Juce Projects\additiveSynth\Builds\VisualStudio2010\Debug\rc.write.1.tlog
C:\USERS\GABE\DOCUMENTS\MY DROPBOX\RUTGERS\CAPSTONE\CODE\JUCE PROJECTS\ADDITIVESYNTH\BUILDS\VISUALSTUDIO2010\DEBUG\RESOURCES.RES
C:\USERS\GABE\DOCUMENTS\VISUAL STUDIO 2010\PROJECTS\JUCE PROJECTS\ADDITIVESYNTH\DEBUG\JUCE_RTAS_DIGICODE1.OBJ
C:\USERS\GABE\DOCUMENTS\VISUAL STUDIO 2010\PROJECTS\JUCE PROJECTS\ADDITIVESYNTH\DEBUG\JUCE_RTAS_DIGICODE2.OBJ
C:\USERS\GABE\DOCUMENTS\VISUAL STUDIO 2010\PROJECTS\JUCE PROJECTS\ADDITIVESYNTH\DEBUG\JUCE_RTAS_DIGICODE3.OBJ
C:\USERS\GABE\DOCUMENTS\VISUAL STUDIO 2010\PROJECTS\JUCE PROJECTS\ADDITIVESYNTH\DEBUG\JUCE_RTAS_WINUTILITIES.OBJ
C:\USERS\GABE\DOCUMENTS\VISUAL STUDIO 2010\PROJECTS\JUCE PROJECTS\ADDITIVESYNTH\DEBUG\JUCE_RTAS_WRAPPER.OBJ
C:\USERS\GABE\DOCUMENTS\VISUAL STUDIO 2010\PROJECTS\JUCE PROJECTS\ADDITIVESYNTH\DEBUG\VC100.PDB
